Error: too many values to unpack (expected 3)
Error: too many values to unpack (expected 3)
Error: too many values to unpack (expected 3)
Error: too many values to unpack (expected 3)
Error: too many values to unpack (expected 3)
Error: too many values to unpack (expected 3)
Error: too many values to unpack (expected 3)
Error: too many values to unpack (expected 3)
Error: too many values to unpack (expected 3)
Error: too many values to unpack (expected 3)
Error: too many values to unpack (expected 3)
Error: too many values to unpack (expected 3)
Error: too many values to unpack (expected 3)
Error: too many values to unpack (expected 3)
Error: too many values to unpack (expected 3)
Error: too many values to unpack (expected 3)
Error: too many values to unpack (expected 3)
Error: too many values to unpack (expected 3)
Error: too many values to unpack (expected 3)
Error: too many values to unpack (expected 3)
Error: too many values to unpack (expected 3)
Error: too many values to unpack (expected 3)
Error: too many values to unpack (expected 3)
Error: too many values to unpack (expected 3)
Error: too many values to unpack (expected 3)
Error: too many values to unpack (expected 3)
Error: too many values to unpack (expected 3)
Error: too many values to unpack (expected 3)
Error: too many values to unpack (expected 3)
Error: too many values to unpack (expected 3)
Error: too many values to unpack (expected 3)
Error: too many values to unpack (expected 3)
Error: too many values to unpack (expected 3)
Error: too many values to unpack (expected 3)
Error: too many values to unpack (expected 3)
Error: too many values to unpack (expected 3)
Error: too many values to unpack (expected 3)
Error: too many values to unpack (expected 3)
Error: too many values to unpack (expected 3)
Error: too many values to unpack (expected 3)
Error: too many values to unpack (expected 3)
Error: too many values to unpack (expected 3)
Error: too many values to unpack (expected 3)
Error: too many values to unpack (expected 3)
Error: too many values to unpack (expected 3)
Error: too many values to unpack (expected 3)
Error: too many values to unpack (expected 3)
Error: too many values to unpack (expected 3)
Error: too many values to unpack (expected 3)
Error: too many values to unpack (expected 3)
Error: too many values to unpack (expected 3)
Error: too many values to unpack (expected 3)
Error: too many values to unpack (expected 3)
Error: too many values to unpack (expected 3)
Name: CCTV-1, URL: http://[2409:8087:74d9:21::6]:80/270000001128/9900000001/index.m3u8$订阅源, Date: None, Resolution: None, Response Time: 5017 ms
Name: CCTV-2, URL: http://[2409:8087:74d9:21::6]:80/270000001322/69900158041111100000002135/index.m3u8$订阅源, Date: None, Resolution: None, Response Time: 5017 ms
Name: CCTV-3, URL: http://[2409:8087:74d9:21::6]:80/270000001128/9900000003/index.m3u8$订阅源, Date: None, Resolution: None, Response Time: 5017 ms
Name: CCTV-4, URL: http://[2409:8087:74d9:21::6]:80/000000001000PLTV/88888888/224/3221226539/index.m3u8$订阅源, Date: None, Resolution: None, Response Time: 5017 ms
Name: CCTV-5, URL: http://[2409:8087:74d9:21::6]:80/000000001000PLTV/88888888/224/3221226146/index.m3u8$订阅源, Date: None, Resolution: None, Response Time: 5017 ms
Name: CCTV-5+, URL: http://[2409:8087:74d9:21::6]:80/270000001322/69900158041111100000002139/index.m3u8$订阅源, Date: None, Resolution: None, Response Time: 5017 ms
Name: CCTV-6, URL: http://[2409:8087:74d9:21::6]:80/000000001000PLTV/88888888/224/3221226148/index.m3u8$订阅源, Date: None, Resolution: None, Response Time: 5017 ms
Name: CCTV-7, URL: http://[2409:8087:74d9:21::6]:80/270000001322/69900158041111100000002141/index.m3u8$订阅源, Date: None, Resolution: None, Response Time: 5017 ms
Name: CCTV-8, URL: http://[2409:8087:74d9:21::6]:80/270000001128/9900000008/index.m3u8$订阅源, Date: None, Resolution: None, Response Time: 5017 ms
Name: CCTV-9, URL: http://[2409:8087:74d9:21::6]:80/000000001000PLTV/88888888/224/3221226434/index.m3u8$订阅源, Date: None, Resolution: None, Response Time: 5017 ms
Name: CCTV-10, URL: http://[2409:8087:74d9:21::6]:80/000000001000PLTV/88888888/224/3221226164/index.m3u8$订阅源, Date: None, Resolution: None, Response Time: 5017 ms
Name: CCTV-11, URL: http://[2409:8087:74d9:21::6]:80/000000001000PLTV/88888888/224/3221226541/index.m3u8$订阅源, Date: None, Resolution: None, Response Time: 5017 ms
Name: CCTV-12, URL: http://[2409:8087:74d9:21::6]:80/000000001000PLTV/88888888/224/3221226436/index.m3u8$订阅源, Date: None, Resolution: None, Response Time: 5017 ms
Name: CCTV-13, URL: http://[2409:8087:74d9:21::6]:80/000000001000PLTV/88888888/224/3221226438/index.m3u8$订阅源, Date: None, Resolution: None, Response Time: 5017 ms
Name: CCTV-14, URL: http://[2409:8087:74d9:21::6]:80/270000001322/69900158041111100000002148/index.m3u8$订阅源, Date: None, Resolution: None, Response Time: 5017 ms
Name: CCTV-15, URL: http://[2409:8087:74d9:21::6]:80/000000001000PLTV/88888888/224/3221226616/index.m3u8$订阅源, Date: None, Resolution: None, Response Time: 5017 ms
Name: CCTV-16, URL: http://[2409:8087:74d9:21::6]:80/000000001000PLTV/88888888/224/3221226413/index.m3u8$订阅源, Date: None, Resolution: None, Response Time: 5017 ms
Name: 广东卫视, URL: http://[2409:8087:74d9:21::6]:80/000000001000PLTV/88888888/224/3221226180/index.m3u8$订阅源, Date: None, Resolution: None, Response Time: 5017 ms
Name: 浙江卫视, URL: http://[2409:8087:74d9:21::6]:80/270000001322/69900158041111100000002206/index.m3u8$订阅源, Date: None, Resolution: None, Response Time: 5017 ms
Name: 湖南卫视, URL: http://[2409:8087:74d9:21::6]:80/000000001000PLTV/88888888/224/3221226193/index.m3u8$订阅源, Date: None, Resolution: None, Response Time: 5017 ms
Name: 北京卫视, URL: http://[2409:8087:74d9:21::6]:80/000000001000PLTV/88888888/224/3221226739/index.m3u8$订阅源, Date: None, Resolution: None, Response Time: 5017 ms
Name: 湖北卫视, URL: http://[2409:8087:74d9:21::6]:80/270000001322/69900158041111100000002204/index.m3u8$订阅源, Date: None, Resolution: None, Response Time: 5017 ms
Name: 黑龙江卫视, URL: http://[2409:8087:74d9:21::6]:80/000000001000PLTV/88888888/224/3221226142/index.m3u8$订阅源, Date: None, Resolution: None, Response Time: 5017 ms
Name: 安徽卫视, URL: http://[2409:8087:74d9:21::6]:80/000000001000PLTV/88888888/224/3221226205/index.m3u8$订阅源, Date: None, Resolution: None, Response Time: 5017 ms
Name: 重庆卫视, URL: http://[2409:8087:74d9:21::6]:80/000000001000PLTV/88888888/224/3221226551/index.m3u8$订阅源, Date: None, Resolution: None, Response Time: 5017 ms
Name: 东方卫视, URL: http://[2409:8087:74d9:21::6]:80/000000001000PLTV/88888888/224/3221226155/index.m3u8$订阅源, Date: None, Resolution: None, Response Time: 5017 ms
Name: 甘肃卫视, URL: http://[2409:8087:74d9:21::6]:80/270000001128/9900000023/index.m3u8$订阅源, Date: None, Resolution: None, Response Time: 5017 ms
Name: 广西卫视, URL: http://[2409:8087:74d9:21::6]:80/270000001128/9900000034/index.m3u8$订阅源, Date: None, Resolution: None, Response Time: 5017 ms
Name: 贵州卫视, URL: http://[2409:8087:74d9:21::6]:80/270000001322/69900158041111100000002231/index.m3u8$订阅源, Date: None, Resolution: None, Response Time: 5017 ms
Name: 海南卫视, URL: http://[2409:8087:74d9:21::6]:80/270000001128/9900000037/index.m3u8$订阅源, Date: None, Resolution: None, Response Time: 5017 ms
Name: 河北卫视, URL: http://[2409:8087:74d9:21::6]:80/000000001000PLTV/88888888/224/3221226442/index.m3u8$订阅源, Date: None, Resolution: None, Response Time: 5017 ms
Name: 河南卫视, URL: http://[2409:8087:74d9:21::6]:80/270000001128/9900000027/index.m3u8$订阅源, Date: None, Resolution: None, Response Time: 5017 ms
Name: 吉林卫视, URL: http://[2409:8087:74d9:21::6]:80/270000001128/9900000030/index.m3u8$订阅源, Date: None, Resolution: None, Response Time: 5017 ms
Name: 江苏卫视, URL: http://[2409:8087:74d9:21::6]:80/000000001000PLTV/88888888/224/3221226157/index.m3u8$订阅源, Date: None, Resolution: None, Response Time: 5017 ms
Name: 江西卫视, URL: http://[2409:8087:74d9:21::6]:80/000000001000PLTV/88888888/224/3221226207/index.m3u8$订阅源, Date: None, Resolution: None, Response Time: 5017 ms
Name: 辽宁卫视, URL: http://[2409:8087:74d9:21::6]:80/270000001322/69900158041111100000002201/index.m3u8$订阅源, Date: None, Resolution: None, Response Time: 5017 ms
Name: 宁夏卫视, URL: http://[2409:8087:74d9:21::6]:80/270000001128/9900000047/index.m3u8$订阅源, Date: None, Resolution: None, Response Time: 5017 ms
Name: 青海卫视, URL: http://[2409:8087:74d9:21::6]:80/270000001128/9900000042/index.m3u8$订阅源, Date: None, Resolution: None, Response Time: 5017 ms
Name: 山东卫视, URL: http://[2409:8087:74d9:21::6]:80/000000001000PLTV/88888888/224/3221226162/index.m3u8$订阅源, Date: None, Resolution: None, Response Time: 5017 ms
Name: 山西卫视, URL: http://[2409:8087:74d9:21::6]:80/270000001322/69900158041111100000002214/index.m3u8$订阅源, Date: None, Resolution: None, Response Time: 5017 ms
Name: 陕西卫视, URL: http://[2409:8087:74d9:21::6]:80/000000001000PLTV/88888888/224/3221226444/index.m3u8$订阅源, Date: None, Resolution: None, Response Time: 5017 ms
Name: 四川卫视, URL: http://[2409:8087:74d9:21::6]:80/270000001128/9900000025/index.m3u8$订阅源, Date: None, Resolution: None, Response Time: 5017 ms
Name: 深圳卫视, URL: http://[2409:8087:74d9:21::6]:80/270000001322/69900158041111100000002140/index.m3u8$订阅源, Date: None, Resolution: None, Response Time: 5017 ms
Name: 天津卫视, URL: http://[2409:8087:74d9:21::6]:80/000000001000PLTV/88888888/224/3221226191/index.m3u8$订阅源, Date: None, Resolution: None, Response Time: 5017 ms
Name: 西藏卫视, URL: http://[2409:8087:74d9:21::6]:80/000000001000PLTV/88888888/224/3221225698/index.m3u8$订阅源, Date: None, Resolution: None, Response Time: 5017 ms
Name: 新疆卫视, URL: http://[2409:8087:74d9:21::6]:80/270000001128/9900000045/index.m3u8$订阅源, Date: None, Resolution: None, Response Time: 5017 ms
Name: 上海纪实人文, URL: http://[2409:8087:74d9:21::6]:80/000000001000PLTV/88888888/224/3221226174/index.m3u8$订阅源, Date: None, Resolution: None, Response Time: 5017 ms
Name: 欢笑剧场, URL: http://[2409:8087:74d9:21::6]:80/000000001000PLTV/88888888/224/3221226203/index.m3u8$订阅源, Date: None, Resolution: None, Response Time: 5017 ms
Name: 都市剧场, URL: http://[2409:8087:74d9:21::6]:80/000000001000PLTV/88888888/224/3221226176/index.m3u8$订阅源, Date: None, Resolution: None, Response Time: 5017 ms
Name: 卡酷动画, URL: http://[2409:8087:74d9:21::6]:80/270000001128/9900000040/index.m3u8$订阅源, Date: None, Resolution: None, Response Time: 5017 ms
Name: 金鹰卡通, URL: http://[2409:8087:74d9:21::6]:80/270000001128/9900000039/index.m3u8$订阅源, Date: None, Resolution: None, Response Time: 5017 ms
Name: 哒啵赛事, URL: http://[2409:8087:74d9:21::6]:80/270000001128/9900000097/index.m3u8$订阅源, Date: None, Resolution: None, Response Time: 5017 ms
Name: 优漫卡通, URL: http://[2409:8087:74d9:21::6]:80/270000001128/9900000070/index.m3u8$订阅源, Date: None, Resolution: None, Response Time: 5017 ms
Name: 哈哈炫动, URL: http://[2409:8087:74d9:21::6]:80/270000001128/9900000069/index.m3u8$订阅源, Date: None, Resolution: None, Response Time: 5017 ms
Name: 黑莓动画, URL: http://[2409:8087:74d9:21::6]:80/270000001128/9900000096/index.m3u8$订阅源, Date: None, Resolution: None, Response Time: 5017 ms
Name: 黑莓电影, URL: http://[2409:8087:74d9:21::6]:80/270000001128/9900000095/index.m3u8$订阅源, Date: None, Resolution: None, Response Time: 5017 ms
Name: 睛彩竞技, URL: http://[2409:8087:74d9:21::6]:80/270000001128/9900000119/index.m3u8$订阅源, Date: None, Resolution: None, Response Time: 5017 ms
Name: 睛彩篮球, URL: http://[2409:8087:74d9:21::6]:80/270000001128/9900000118/index.m3u8$订阅源, Date: None, Resolution: None, Response Time: 5017 ms
Name: 睛彩青少, URL: http://[2409:8087:74d9:21::6]:80/270000001128/9900000120/index.m3u8$订阅源, Date: None, Resolution: None, Response Time: 5017 ms
